<?xml version="1.0" encoding="UTF-8"?>
<!-- Generated by org.testng.reporters.JUnitReportReporter -->
<testsuite skipped="0" hostname="DESKTOP-58HNIIN" name="com.main.BasicAuthLogin2" tests="8" failures="0" timestamp="12 Apr 2023 13:36:22 GMT" time="20.728" errors="0">
  <testcase name="login" time="4.952" classname="com.main.BasicAuthLogin2"/>
  <testcase name="addUserAddress" time="5.848" classname="com.main.BasicAuthLogin2"/>
  <testcase name="FindStateIdByStateName" time="1.620" classname="com.main.BasicAuthLogin2"/>
  <testcase name="FindCityIdByCityName" time="1.786" classname="com.main.BasicAuthLogin2"/>
  <testcase name="UpdateUserAddress" time="1.514" classname="com.main.BasicAuthLogin2"/>
  <testcase name="deleteAddress" time="1.689" classname="com.main.BasicAuthLogin2"/>
  <testcase name="searchproduct" time="1.526" classname="com.main.BasicAuthLogin2"/>
  <testcase name="UpdateProfilePicture" time="1.793" classname="com.main.BasicAuthLogin2"/>
</testsuite> <!-- com.main.BasicAuthLogin2 -->
